[0.044s] Invoking command in '/home/bumblebee*/bumblebee_ws/build/mavros_msgs': CMAKE_PREFIX_PATH=/opt/ros/humble /usr/bin/cmake /home/bumblebee*/bumblebee_ws/src/mavros_msgs -DCMAKE_INSTALL_PREFIX=/home/bumblebee*/bumblebee_ws/install/mavros_msgs
[0.097s] -- Found ament_cmake: 1.3.10 (/opt/ros/humble/share/ament_cmake/cmake)
[0.679s] -- Found rosidl_default_generators: 1.2.0 (/opt/ros/humble/share/rosidl_default_generators/cmake)
[0.697s] -- Using all available rosidl_typesupport_c: rosidl_typesupport_fastrtps_c;rosidl_typesupport_introspection_c
[0.708s] -- Found rosidl_adapter: 3.1.5 (/opt/ros/humble/share/rosidl_adapter/cmake)
[0.903s] -- Using all available rosidl_typesupport_cpp: rosidl_typesupport_fastrtps_cpp;rosidl_typesupport_introspection_cpp
[1.007s] -- Found builtin_interfaces: 1.2.1 (/opt/ros/humble/share/builtin_interfaces/cmake)
[1.055s] -- Found rcl_interfaces: 1.2.1 (/opt/ros/humble/share/rcl_interfaces/cmake)
[1.287s] [31mCMake Error at CMakeLists.txt:18 (find_package):
[1.288s]   By not providing "Findgeographic_msgs.cmake" in CMAKE_MODULE_PATH this
[1.288s]   project has asked CMake to find a package configuration file provided by
[1.289s]   "geographic_msgs", but CMake did not find one.
[1.289s] 
[1.290s]   Could not find a package configuration file provided by "geographic_msgs"
[1.290s]   with any of the following names:
[1.290s] 
[1.291s]     geographic_msgsConfig.cmake
[1.291s]     geographic_msgs-config.cmake
[1.293s] 
[1.294s]   Add the installation prefix of "geographic_msgs" to CMAKE_PREFIX_PATH or
[1.294s]   set "geographic_msgs_DIR" to a directory containing one of the above files.
[1.295s]   If "geographic_msgs" provides a separate development package or SDK, be
[1.295s]   sure it has been installed.
[1.296s] 
[1.297s] [0m
[1.298s] -- Configuring incomplete, errors occurred!
[1.298s] See also "/home/bumblebee*/bumblebee_ws/build/mavros_msgs/CMakeFiles/CMakeOutput.log".
[1.306s] Invoked command in '/home/bumblebee*/bumblebee_ws/build/mavros_msgs' returned '1': CMAKE_PREFIX_PATH=/opt/ros/humble /usr/bin/cmake /home/bumblebee*/bumblebee_ws/src/mavros_msgs -DCMAKE_INSTALL_PREFIX=/home/bumblebee*/bumblebee_ws/install/mavros_msgs
