[0.055s] Invoking command in '/home/bumblebee*/bumblebee_ws/build/mavros_msgs': CMAKE_PREFIX_PATH=/opt/ros/humble /usr/bin/cmake /home/bumblebee*/bumblebee_ws/src/mavros_msgs -DCMAKE_INSTALL_PREFIX=/home/bumblebee*/bumblebee_ws/install/mavros_msgs
[0.887s] -- The C compiler identification is GNU 11.4.0
[1.718s] -- The CXX compiler identification is GNU 11.4.0
[1.766s] -- Detecting C compiler ABI info
[2.137s] -- Detecting C compiler ABI info - done
[2.164s] -- Check for working C compiler: /usr/bin/cc - skipped
[2.168s] -- Detecting C compile features
[2.170s] -- Detecting C compile features - done
[2.185s] -- Detecting CXX compiler ABI info
[2.549s] -- Detecting CXX compiler ABI info - done
[2.577s] -- Check for working CXX compiler: /usr/bin/c++ - skipped
[2.578s] -- Detecting CXX compile features
[2.580s] -- Detecting CXX compile features - done
[2.622s] -- Found ament_cmake: 1.3.10 (/opt/ros/humble/share/ament_cmake/cmake)
[3.385s] -- Found Python3: /usr/bin/python3 (found version "3.10.12") found components: Interpreter 
[4.046s] -- Found rosidl_default_generators: 1.2.0 (/opt/ros/humble/share/rosidl_default_generators/cmake)
[4.092s] -- Using all available rosidl_typesupport_c: rosidl_typesupport_fastrtps_c;rosidl_typesupport_introspection_c
[4.175s] -- Found rosidl_adapter: 3.1.5 (/opt/ros/humble/share/rosidl_adapter/cmake)
[4.580s] -- Using all available rosidl_typesupport_cpp: rosidl_typesupport_fastrtps_cpp;rosidl_typesupport_introspection_cpp
[4.877s] -- Found builtin_interfaces: 1.2.1 (/opt/ros/humble/share/builtin_interfaces/cmake)
[4.986s] -- Found rcl_interfaces: 1.2.1 (/opt/ros/humble/share/rcl_interfaces/cmake)
[5.228s] [31mCMake Error at CMakeLists.txt:18 (find_package):
[5.228s]   By not providing "Findgeographic_msgs.cmake" in CMAKE_MODULE_PATH this
[5.229s]   project has asked CMake to find a package configuration file provided by
[5.229s]   "geographic_msgs", but CMake did not find one.
[5.230s] 
[5.230s]   Could not find a package configuration file provided by "geographic_msgs"
[5.230s]   with any of the following names:
[5.231s] 
[5.232s]     geographic_msgsConfig.cmake
[5.232s]     geographic_msgs-config.cmake
[5.233s] 
[5.233s]   Add the installation prefix of "geographic_msgs" to CMAKE_PREFIX_PATH or
[5.233s]   set "geographic_msgs_DIR" to a directory containing one of the above files.
[5.234s]   If "geographic_msgs" provides a separate development package or SDK, be
[5.235s]   sure it has been installed.
[5.235s] 
[5.235s] [0m
[5.236s] -- Configuring incomplete, errors occurred!
[5.237s] See also "/home/bumblebee*/bumblebee_ws/build/mavros_msgs/CMakeFiles/CMakeOutput.log".
[5.245s] Invoked command in '/home/bumblebee*/bumblebee_ws/build/mavros_msgs' returned '1': CMAKE_PREFIX_PATH=/opt/ros/humble /usr/bin/cmake /home/bumblebee*/bumblebee_ws/src/mavros_msgs -DCMAKE_INSTALL_PREFIX=/home/bumblebee*/bumblebee_ws/install/mavros_msgs
