[1.111s] DEBUG:colcon:Command line arguments: ['/usr/bin/colcon', 'build', '--packages-select', 'mavros']
[1.111s] DEBUG:colcon:Parsed command line arguments: Namespace(log_base=None, log_level=None, verb_name='build', build_base='build', install_base='install', merge_install=False, symlink_install=False, test_result_base=None, continue_on_error=False, executor='parallel', parallel_workers=4, event_handlers=None, ignore_user_meta=False, metas=['./colcon.meta'], base_paths=['.'], packages_ignore=None, packages_ignore_regex=None, paths=None, packages_up_to=None, packages_up_to_regex=None, packages_above=None, packages_above_and_dependencies=None, packages_above_depth=None, packages_select_by_dep=None, packages_skip_by_dep=None, packages_skip_up_to=None, packages_select_build_failed=False, packages_skip_build_finished=False, packages_select_test_failures=False, packages_skip_test_passed=False, packages_select=['mavros'], packages_skip=None, packages_select_regex=None, packages_skip_regex=None, packages_start=None, packages_end=None, allow_overriding=[], cmake_args=None, cmake_target=None, cmake_target_skip_unavailable=False, cmake_clean_cache=False, cmake_clean_first=False, cmake_force_configure=False, ament_cmake_args=None, catkin_cmake_args=None, catkin_skip_building_tests=False, mixin_files=None, mixin=None, verb_parser=<colcon_mixin.mixin.mixin_argument.MixinArgumentDecorator object at 0xffff84406650>, verb_extension=<colcon_core.verb.build.BuildVerb object at 0xffff844facb0>, main=<bound method BuildVerb.main of <colcon_core.verb.build.BuildVerb object at 0xffff844facb0>>, mixin_verb=('build',))
[2.451s] Level 1:colcon.colcon_core.package_discovery:discover_packages(colcon_meta) check parameters
[2.452s] Level 1:colcon.colcon_core.package_discovery:discover_packages(recursive) check parameters
[2.452s] Level 1:colcon.colcon_core.package_discovery:discover_packages(ignore) check parameters
[2.452s] Level 1:colcon.colcon_core.package_discovery:discover_packages(path) check parameters
[2.452s] Level 1:colcon.colcon_core.package_discovery:discover_packages(colcon_meta) discover
[2.452s] Level 1:colcon.colcon_core.package_discovery:discover_packages(recursive) discover
[2.453s] INFO:colcon.colcon_core.package_discovery:Crawling recursively for packages in '/home/bumblebee*/bumblebee_ws'
[2.453s] Level 1:colcon.colcon_core.package_identification:_identify(.) by extensions ['ignore', 'ignore_ament_install']
[2.453s] Level 1:colcon.colcon_core.package_identification:_identify(.) by extension 'ignore'
[2.454s] Level 1:colcon.colcon_core.package_identification:_identify(.) by extension 'ignore_ament_install'
[2.454s] Level 1:colcon.colcon_core.package_identification:_identify(.) by extensions ['colcon_pkg']
[2.454s] Level 1:colcon.colcon_core.package_identification:_identify(.) by extension 'colcon_pkg'
[2.454s] Level 1:colcon.colcon_core.package_identification:_identify(.) by extensions ['colcon_meta']
[2.454s] Level 1:colcon.colcon_core.package_identification:_identify(.) by extension 'colcon_meta'
[2.454s] Level 1:colcon.colcon_core.package_identification:_identify(.) by extensions ['ros']
[2.455s] Level 1:colcon.colcon_core.package_identification:_identify(.) by extension 'ros'
[2.524s] Level 1:colcon.colcon_core.package_identification:_identify(.) by extensions ['cmake', 'python']
[2.524s] Level 1:colcon.colcon_core.package_identification:_identify(.) by extension 'cmake'
[2.524s] Level 1:colcon.colcon_core.package_identification:_identify(.) by extension 'python'
[2.524s] Level 1:colcon.colcon_core.package_identification:_identify(.) by extensions ['python_setup_py']
[2.525s] Level 1:colcon.colcon_core.package_identification:_identify(.) by extension 'python_setup_py'
[2.525s] Level 1:colcon.colcon_core.package_identification:_identify(build) by extensions ['ignore', 'ignore_ament_install']
[2.526s] Level 1:colcon.colcon_core.package_identification:_identify(build) by extension 'ignore'
[2.526s] Level 1:colcon.colcon_core.package_identification:_identify(build) ignored
[2.526s] Level 1:colcon.colcon_core.package_identification:_identify(install) by extensions ['ignore', 'ignore_ament_install']
[2.527s] Level 1:colcon.colcon_core.package_identification:_identify(install) by extension 'ignore'
[2.527s] Level 1:colcon.colcon_core.package_identification:_identify(install) ignored
[2.528s] Level 1:colcon.colcon_core.package_identification:_identify(log) by extensions ['ignore', 'ignore_ament_install']
[2.528s] Level 1:colcon.colcon_core.package_identification:_identify(log) by extension 'ignore'
[2.528s] Level 1:colcon.colcon_core.package_identification:_identify(log) ignored
[2.531s] Level 1:colcon.colcon_core.package_identification:_identify(src) by extensions ['ignore', 'ignore_ament_install']
[2.532s] Level 1:colcon.colcon_core.package_identification:_identify(src) by extension 'ignore'
[2.532s] Level 1:colcon.colcon_core.package_identification:_identify(src) by extension 'ignore_ament_install'
[2.532s] Level 1:colcon.colcon_core.package_identification:_identify(src) by extensions ['colcon_pkg']
[2.532s] Level 1:colcon.colcon_core.package_identification:_identify(src) by extension 'colcon_pkg'
[2.533s] Level 1:colcon.colcon_core.package_identification:_identify(src) by extensions ['colcon_meta']
[2.533s] Level 1:colcon.colcon_core.package_identification:_identify(src) by extension 'colcon_meta'
[2.533s] Level 1:colcon.colcon_core.package_identification:_identify(src) by extensions ['ros']
[2.533s] Level 1:colcon.colcon_core.package_identification:_identify(src) by extension 'ros'
[2.534s] Level 1:colcon.colcon_core.package_identification:_identify(src) by extensions ['cmake', 'python']
[2.534s] Level 1:colcon.colcon_core.package_identification:_identify(src) by extension 'cmake'
[2.534s] Level 1:colcon.colcon_core.package_identification:_identify(src) by extension 'python'
[2.534s] Level 1:colcon.colcon_core.package_identification:_identify(src) by extensions ['python_setup_py']
[2.534s] Level 1:colcon.colcon_core.package_identification:_identify(src) by extension 'python_setup_py'
[2.535s] Level 1:colcon.colcon_core.package_identification:_identify(src/mavros) by extensions ['ignore', 'ignore_ament_install']
[2.536s] Level 1:colcon.colcon_core.package_identification:_identify(src/mavros) by extension 'ignore'
[2.536s] Level 1:colcon.colcon_core.package_identification:_identify(src/mavros) by extension 'ignore_ament_install'
[2.536s] Level 1:colcon.colcon_core.package_identification:_identify(src/mavros) by extensions ['colcon_pkg']
[2.537s] Level 1:colcon.colcon_core.package_identification:_identify(src/mavros) by extension 'colcon_pkg'
[2.537s] Level 1:colcon.colcon_core.package_identification:_identify(src/mavros) by extensions ['colcon_meta']
[2.537s] Level 1:colcon.colcon_core.package_identification:_identify(src/mavros) by extension 'colcon_meta'
[2.537s] Level 1:colcon.colcon_core.package_identification:_identify(src/mavros) by extensions ['ros']
[2.537s] Level 1:colcon.colcon_core.package_identification:_identify(src/mavros) by extension 'ros'
[2.564s] DEBUG:colcon.colcon_core.package_identification:Package 'src/mavros' with type 'ros.ament_cmake' and name 'mavros'
[2.566s] Level 1:colcon.colcon_core.package_identification:_identify(src/mavros_extras) by extensions ['ignore', 'ignore_ament_install']
[2.566s] Level 1:colcon.colcon_core.package_identification:_identify(src/mavros_extras) by extension 'ignore'
[2.566s] Level 1:colcon.colcon_core.package_identification:_identify(src/mavros_extras) by extension 'ignore_ament_install'
[2.567s] Level 1:colcon.colcon_core.package_identification:_identify(src/mavros_extras) by extensions ['colcon_pkg']
[2.567s] Level 1:colcon.colcon_core.package_identification:_identify(src/mavros_extras) by extension 'colcon_pkg'
[2.567s] Level 1:colcon.colcon_core.package_identification:_identify(src/mavros_extras) by extensions ['colcon_meta']
[2.567s] Level 1:colcon.colcon_core.package_identification:_identify(src/mavros_extras) by extension 'colcon_meta'
[2.567s] Level 1:colcon.colcon_core.package_identification:_identify(src/mavros_extras) by extensions ['ros']
[2.567s] Level 1:colcon.colcon_core.package_identification:_identify(src/mavros_extras) by extension 'ros'
[2.581s] DEBUG:colcon.colcon_core.package_identification:Package 'src/mavros_extras' with type 'ros.ament_cmake' and name 'mavros_extras'
[2.584s] Level 1:colcon.colcon_core.package_identification:_identify(src/mavros_msgs) by extensions ['ignore', 'ignore_ament_install']
[2.585s] Level 1:colcon.colcon_core.package_identification:_identify(src/mavros_msgs) by extension 'ignore'
[2.585s] Level 1:colcon.colcon_core.package_identification:_identify(src/mavros_msgs) by extension 'ignore_ament_install'
[2.586s] Level 1:colcon.colcon_core.package_identification:_identify(src/mavros_msgs) by extensions ['colcon_pkg']
[2.586s] Level 1:colcon.colcon_core.package_identification:_identify(src/mavros_msgs) by extension 'colcon_pkg'
[2.586s] Level 1:colcon.colcon_core.package_identification:_identify(src/mavros_msgs) by extensions ['colcon_meta']
[2.586s] Level 1:colcon.colcon_core.package_identification:_identify(src/mavros_msgs) by extension 'colcon_meta'
[2.586s] Level 1:colcon.colcon_core.package_identification:_identify(src/mavros_msgs) by extensions ['ros']
[2.587s] Level 1:colcon.colcon_core.package_identification:_identify(src/mavros_msgs) by extension 'ros'
[2.600s] DEBUG:colcon.colcon_core.package_identification:Package 'src/mavros_msgs' with type 'ros.ament_cmake' and name 'mavros_msgs'
[2.600s] Level 1:colcon.colcon_core.package_discovery:discover_packages(recursive) using defaults
[2.600s] Level 1:colcon.colcon_core.package_discovery:discover_packages(ignore) discover
[2.601s] Level 1:colcon.colcon_core.package_discovery:discover_packages(ignore) using defaults
[2.601s] Level 1:colcon.colcon_core.package_discovery:discover_packages(path) discover
[2.601s] Level 1:colcon.colcon_core.package_discovery:discover_packages(path) using defaults
[2.804s] INFO:colcon.colcon_core.package_selection:Skipping not selected package 'mavros_msgs' in 'src/mavros_msgs'
[2.805s] INFO:colcon.colcon_core.package_selection:Skipping not selected package 'mavros_extras' in 'src/mavros_extras'
[2.809s] Level 1:colcon.colcon_core.package_discovery:discover_packages(prefix_path) check parameters
[2.809s] Level 1:colcon.colcon_core.package_discovery:discover_packages(prefix_path) discover
[2.829s] DEBUG:colcon.colcon_installed_package_information.package_discovery:Found 279 installed packages in /opt/ros/humble
[2.837s] Level 1:colcon.colcon_core.package_discovery:discover_packages(prefix_path) using defaults
[3.038s] Level 5:colcon.colcon_core.verb:set package 'mavros' build argument 'cmake_args' from command line to 'None'
[3.038s] Level 5:colcon.colcon_core.verb:set package 'mavros' build argument 'cmake_target' from command line to 'None'
[3.039s] Level 5:colcon.colcon_core.verb:set package 'mavros' build argument 'cmake_target_skip_unavailable' from command line to 'False'
[3.039s] Level 5:colcon.colcon_core.verb:set package 'mavros' build argument 'cmake_clean_cache' from command line to 'False'
[3.039s] Level 5:colcon.colcon_core.verb:set package 'mavros' build argument 'cmake_clean_first' from command line to 'False'
[3.039s] Level 5:colcon.colcon_core.verb:set package 'mavros' build argument 'cmake_force_configure' from command line to 'False'
[3.039s] Level 5:colcon.colcon_core.verb:set package 'mavros' build argument 'ament_cmake_args' from command line to 'None'
[3.039s] Level 5:colcon.colcon_core.verb:set package 'mavros' build argument 'catkin_cmake_args' from command line to 'None'
[3.039s] Level 5:colcon.colcon_core.verb:set package 'mavros' build argument 'catkin_skip_building_tests' from command line to 'False'
[3.039s] DEBUG:colcon.colcon_core.verb:Building package 'mavros' with the following arguments: {'ament_cmake_args': None, 'build_base': '/home/bumblebee*/bumblebee_ws/build/mavros', 'catkin_cmake_args': None, 'catkin_skip_building_tests': False, 'cmake_args': None, 'cmake_clean_cache': False, 'cmake_clean_first': False, 'cmake_force_configure': False, 'cmake_target': None, 'cmake_target_skip_unavailable': False, 'install_base': '/home/bumblebee*/bumblebee_ws/install/mavros', 'merge_install': False, 'path': '/home/bumblebee*/bumblebee_ws/src/mavros', 'symlink_install': False, 'test_result_base': None}
[3.040s] INFO:colcon.colcon_core.executor:Executing jobs using 'parallel' executor
[3.044s] DEBUG:colcon.colcon_parallel_executor.executor.parallel:run_until_complete
[3.045s] INFO:colcon.colcon_ros.task.ament_cmake.build:Building ROS package in '/home/bumblebee*/bumblebee_ws/src/mavros' with build type 'ament_cmake'
[3.045s] INFO:colcon.colcon_cmake.task.cmake.build:Building CMake package in '/home/bumblebee*/bumblebee_ws/src/mavros'
[3.070s] INFO:colcon.colcon_core.plugin_system:Skipping extension 'colcon_core.shell.bat': Not used on non-Windows systems
[3.072s] INFO:colcon.colcon_core.shell:Skip shell extension 'powershell' for command environment: Not usable outside of PowerShell
[3.072s] DEBUG:colcon.colcon_core.shell:Skip shell extension 'dsv' for command environment
[3.156s] DEBUG:colcon.colcon_core.event_handler.log_command:Invoking command in '/home/bumblebee*/bumblebee_ws/build/mavros': AMENT_PREFIX_PATH=/home/bumblebee*/bumblebee_ws/install/mavros_msgs:${AMENT_PREFIX_PATH} CMAKE_PREFIX_PATH=/home/bumblebee*/bumblebee_ws/install/mavros_msgs:/opt/ros/humble LD_LIBRARY_PATH=/home/bumblebee*/bumblebee_ws/install/mavros_msgs/lib:${LD_LIBRARY_PATH} PYTHONPATH=/home/bumblebee*/bumblebee_ws/install/mavros_msgs/local/lib/python3.10/dist-packages:${PYTHONPATH} /usr/bin/cmake --build /home/bumblebee*/bumblebee_ws/build/mavros -- -j4 -l4
