[0.709s] DEBUG:colcon:Command line arguments: ['/usr/bin/colcon', 'build']
[0.709s] DEBUG:colcon:Parsed command line arguments: Namespace(log_base=None, log_level=None, verb_name='build', build_base='build', install_base='install', merge_install=False, symlink_install=False, test_result_base=None, continue_on_error=False, executor='parallel', parallel_workers=4, event_handlers=None, ignore_user_meta=False, metas=['./colcon.meta'], base_paths=['.'], packages_ignore=None, packages_ignore_regex=None, paths=None, packages_up_to=None, packages_up_to_regex=None, packages_above=None, packages_above_and_dependencies=None, packages_above_depth=None, packages_select_by_dep=None, packages_skip_by_dep=None, packages_skip_up_to=None, packages_select_build_failed=False, packages_skip_build_finished=False, packages_select_test_failures=False, packages_skip_test_passed=False, packages_select=None, packages_skip=None, packages_select_regex=None, packages_skip_regex=None, packages_start=None, packages_end=None, allow_overriding=[], cmake_args=None, cmake_target=None, cmake_target_skip_unavailable=False, cmake_clean_cache=False, cmake_clean_first=False, cmake_force_configure=False, ament_cmake_args=None, catkin_cmake_args=None, catkin_skip_building_tests=False, mixin_files=None, mixin=None, verb_parser=<colcon_mixin.mixin.mixin_argument.MixinArgumentDecorator object at 0xffffa07560b0>, verb_extension=<colcon_core.verb.build.BuildVerb object at 0xffffa084e710>, main=<bound method BuildVerb.main of <colcon_core.verb.build.BuildVerb object at 0xffffa084e710>>, mixin_verb=('build',))
[2.099s] Level 1:colcon.colcon_core.package_discovery:discover_packages(colcon_meta) check parameters
[2.100s] Level 1:colcon.colcon_core.package_discovery:discover_packages(recursive) check parameters
[2.100s] Level 1:colcon.colcon_core.package_discovery:discover_packages(ignore) check parameters
[2.100s] Level 1:colcon.colcon_core.package_discovery:discover_packages(path) check parameters
[2.100s] Level 1:colcon.colcon_core.package_discovery:discover_packages(colcon_meta) discover
[2.100s] Level 1:colcon.colcon_core.package_discovery:discover_packages(recursive) discover
[2.101s] INFO:colcon.colcon_core.package_discovery:Crawling recursively for packages in '/home/bumblebee*/bumblebee_ws'
[2.101s] Level 1:colcon.colcon_core.package_identification:_identify(.) by extensions ['ignore', 'ignore_ament_install']
[2.102s] Level 1:colcon.colcon_core.package_identification:_identify(.) by extension 'ignore'
[2.102s] Level 1:colcon.colcon_core.package_identification:_identify(.) by extension 'ignore_ament_install'
[2.102s] Level 1:colcon.colcon_core.package_identification:_identify(.) by extensions ['colcon_pkg']
[2.102s] Level 1:colcon.colcon_core.package_identification:_identify(.) by extension 'colcon_pkg'
[2.102s] Level 1:colcon.colcon_core.package_identification:_identify(.) by extensions ['colcon_meta']
[2.103s] Level 1:colcon.colcon_core.package_identification:_identify(.) by extension 'colcon_meta'
[2.103s] Level 1:colcon.colcon_core.package_identification:_identify(.) by extensions ['ros']
[2.103s] Level 1:colcon.colcon_core.package_identification:_identify(.) by extension 'ros'
[2.173s] Level 1:colcon.colcon_core.package_identification:_identify(.) by extensions ['cmake', 'python']
[2.174s] Level 1:colcon.colcon_core.package_identification:_identify(.) by extension 'cmake'
[2.174s] Level 1:colcon.colcon_core.package_identification:_identify(.) by extension 'python'
[2.174s] Level 1:colcon.colcon_core.package_identification:_identify(.) by extensions ['python_setup_py']
[2.174s] Level 1:colcon.colcon_core.package_identification:_identify(.) by extension 'python_setup_py'
[2.175s] Level 1:colcon.colcon_core.package_identification:_identify(build) by extensions ['ignore', 'ignore_ament_install']
[2.175s] Level 1:colcon.colcon_core.package_identification:_identify(build) by extension 'ignore'
[2.175s] Level 1:colcon.colcon_core.package_identification:_identify(build) ignored
[2.176s] Level 1:colcon.colcon_core.package_identification:_identify(install) by extensions ['ignore', 'ignore_ament_install']
[2.176s] Level 1:colcon.colcon_core.package_identification:_identify(install) by extension 'ignore'
[2.176s] Level 1:colcon.colcon_core.package_identification:_identify(install) ignored
[2.176s] Level 1:colcon.colcon_core.package_identification:_identify(log) by extensions ['ignore', 'ignore_ament_install']
[2.177s] Level 1:colcon.colcon_core.package_identification:_identify(log) by extension 'ignore'
[2.177s] Level 1:colcon.colcon_core.package_identification:_identify(log) ignored
[2.177s] Level 1:colcon.colcon_core.package_identification:_identify(src) by extensions ['ignore', 'ignore_ament_install']
[2.178s] Level 1:colcon.colcon_core.package_identification:_identify(src) by extension 'ignore'
[2.178s] Level 1:colcon.colcon_core.package_identification:_identify(src) by extension 'ignore_ament_install'
[2.178s] Level 1:colcon.colcon_core.package_identification:_identify(src) by extensions ['colcon_pkg']
[2.178s] Level 1:colcon.colcon_core.package_identification:_identify(src) by extension 'colcon_pkg'
[2.178s] Level 1:colcon.colcon_core.package_identification:_identify(src) by extensions ['colcon_meta']
[2.178s] Level 1:colcon.colcon_core.package_identification:_identify(src) by extension 'colcon_meta'
[2.179s] Level 1:colcon.colcon_core.package_identification:_identify(src) by extensions ['ros']
[2.179s] Level 1:colcon.colcon_core.package_identification:_identify(src) by extension 'ros'
[2.179s] Level 1:colcon.colcon_core.package_identification:_identify(src) by extensions ['cmake', 'python']
[2.179s] Level 1:colcon.colcon_core.package_identification:_identify(src) by extension 'cmake'
[2.179s] Level 1:colcon.colcon_core.package_identification:_identify(src) by extension 'python'
[2.180s] Level 1:colcon.colcon_core.package_identification:_identify(src) by extensions ['python_setup_py']
[2.180s] Level 1:colcon.colcon_core.package_identification:_identify(src) by extension 'python_setup_py'
[2.180s] Level 1:colcon.colcon_core.package_identification:_identify(src/mavros) by extensions ['ignore', 'ignore_ament_install']
[2.181s] Level 1:colcon.colcon_core.package_identification:_identify(src/mavros) by extension 'ignore'
[2.181s] Level 1:colcon.colcon_core.package_identification:_identify(src/mavros) by extension 'ignore_ament_install'
[2.181s] Level 1:colcon.colcon_core.package_identification:_identify(src/mavros) by extensions ['colcon_pkg']
[2.181s] Level 1:colcon.colcon_core.package_identification:_identify(src/mavros) by extension 'colcon_pkg'
[2.181s] Level 1:colcon.colcon_core.package_identification:_identify(src/mavros) by extensions ['colcon_meta']
[2.181s] Level 1:colcon.colcon_core.package_identification:_identify(src/mavros) by extension 'colcon_meta'
[2.182s] Level 1:colcon.colcon_core.package_identification:_identify(src/mavros) by extensions ['ros']
[2.182s] Level 1:colcon.colcon_core.package_identification:_identify(src/mavros) by extension 'ros'
[2.207s] DEBUG:colcon.colcon_core.package_identification:Package 'src/mavros' with type 'ros.ament_cmake' and name 'mavros'
[2.207s] Level 1:colcon.colcon_core.package_identification:_identify(src/mavros_extras) by extensions ['ignore', 'ignore_ament_install']
[2.208s] Level 1:colcon.colcon_core.package_identification:_identify(src/mavros_extras) by extension 'ignore'
[2.208s] Level 1:colcon.colcon_core.package_identification:_identify(src/mavros_extras) by extension 'ignore_ament_install'
[2.208s] Level 1:colcon.colcon_core.package_identification:_identify(src/mavros_extras) by extensions ['colcon_pkg']
[2.209s] Level 1:colcon.colcon_core.package_identification:_identify(src/mavros_extras) by extension 'colcon_pkg'
[2.209s] Level 1:colcon.colcon_core.package_identification:_identify(src/mavros_extras) by extensions ['colcon_meta']
[2.209s] Level 1:colcon.colcon_core.package_identification:_identify(src/mavros_extras) by extension 'colcon_meta'
[2.209s] Level 1:colcon.colcon_core.package_identification:_identify(src/mavros_extras) by extensions ['ros']
[2.209s] Level 1:colcon.colcon_core.package_identification:_identify(src/mavros_extras) by extension 'ros'
[2.224s] DEBUG:colcon.colcon_core.package_identification:Package 'src/mavros_extras' with type 'ros.ament_cmake' and name 'mavros_extras'
[2.224s] Level 1:colcon.colcon_core.package_identification:_identify(src/mavros_msgs) by extensions ['ignore', 'ignore_ament_install']
[2.225s] Level 1:colcon.colcon_core.package_identification:_identify(src/mavros_msgs) by extension 'ignore'
[2.225s] Level 1:colcon.colcon_core.package_identification:_identify(src/mavros_msgs) by extension 'ignore_ament_install'
[2.225s] Level 1:colcon.colcon_core.package_identification:_identify(src/mavros_msgs) by extensions ['colcon_pkg']
[2.225s] Level 1:colcon.colcon_core.package_identification:_identify(src/mavros_msgs) by extension 'colcon_pkg'
[2.226s] Level 1:colcon.colcon_core.package_identification:_identify(src/mavros_msgs) by extensions ['colcon_meta']
[2.226s] Level 1:colcon.colcon_core.package_identification:_identify(src/mavros_msgs) by extension 'colcon_meta'
[2.226s] Level 1:colcon.colcon_core.package_identification:_identify(src/mavros_msgs) by extensions ['ros']
[2.226s] Level 1:colcon.colcon_core.package_identification:_identify(src/mavros_msgs) by extension 'ros'
[2.230s] DEBUG:colcon.colcon_core.package_identification:Package 'src/mavros_msgs' with type 'ros.ament_cmake' and name 'mavros_msgs'
[2.230s] Level 1:colcon.colcon_core.package_discovery:discover_packages(recursive) using defaults
[2.230s] Level 1:colcon.colcon_core.package_discovery:discover_packages(ignore) discover
[2.230s] Level 1:colcon.colcon_core.package_discovery:discover_packages(ignore) using defaults
[2.230s] Level 1:colcon.colcon_core.package_discovery:discover_packages(path) discover
[2.230s] Level 1:colcon.colcon_core.package_discovery:discover_packages(path) using defaults
[2.393s] Level 1:colcon.colcon_core.package_discovery:discover_packages(prefix_path) check parameters
[2.393s] Level 1:colcon.colcon_core.package_discovery:discover_packages(prefix_path) discover
[2.415s] DEBUG:colcon.colcon_installed_package_information.package_discovery:Found 275 installed packages in /opt/ros/humble
[2.422s] Level 1:colcon.colcon_core.package_discovery:discover_packages(prefix_path) using defaults
[2.593s] Level 5:colcon.colcon_core.verb:set package 'mavros_msgs' build argument 'cmake_args' from command line to 'None'
[2.593s] Level 5:colcon.colcon_core.verb:set package 'mavros_msgs' build argument 'cmake_target' from command line to 'None'
[2.593s] Level 5:colcon.colcon_core.verb:set package 'mavros_msgs' build argument 'cmake_target_skip_unavailable' from command line to 'False'
[2.593s] Level 5:colcon.colcon_core.verb:set package 'mavros_msgs' build argument 'cmake_clean_cache' from command line to 'False'
[2.593s] Level 5:colcon.colcon_core.verb:set package 'mavros_msgs' build argument 'cmake_clean_first' from command line to 'False'
[2.593s] Level 5:colcon.colcon_core.verb:set package 'mavros_msgs' build argument 'cmake_force_configure' from command line to 'False'
[2.594s] Level 5:colcon.colcon_core.verb:set package 'mavros_msgs' build argument 'ament_cmake_args' from command line to 'None'
[2.594s] Level 5:colcon.colcon_core.verb:set package 'mavros_msgs' build argument 'catkin_cmake_args' from command line to 'None'
[2.594s] Level 5:colcon.colcon_core.verb:set package 'mavros_msgs' build argument 'catkin_skip_building_tests' from command line to 'False'
[2.594s] DEBUG:colcon.colcon_core.verb:Building package 'mavros_msgs' with the following arguments: {'ament_cmake_args': None, 'build_base': '/home/bumblebee*/bumblebee_ws/build/mavros_msgs', 'catkin_cmake_args': None, 'catkin_skip_building_tests': False, 'cmake_args': None, 'cmake_clean_cache': False, 'cmake_clean_first': False, 'cmake_force_configure': False, 'cmake_target': None, 'cmake_target_skip_unavailable': False, 'install_base': '/home/bumblebee*/bumblebee_ws/install/mavros_msgs', 'merge_install': False, 'path': '/home/bumblebee*/bumblebee_ws/src/mavros_msgs', 'symlink_install': False, 'test_result_base': None}
[2.595s] Level 5:colcon.colcon_core.verb:set package 'mavros' build argument 'cmake_args' from command line to 'None'
[2.596s] Level 5:colcon.colcon_core.verb:set package 'mavros' build argument 'cmake_target' from command line to 'None'
[2.596s] Level 5:colcon.colcon_core.verb:set package 'mavros' build argument 'cmake_target_skip_unavailable' from command line to 'False'
[2.596s] Level 5:colcon.colcon_core.verb:set package 'mavros' build argument 'cmake_clean_cache' from command line to 'False'
[2.596s] Level 5:colcon.colcon_core.verb:set package 'mavros' build argument 'cmake_clean_first' from command line to 'False'
[2.596s] Level 5:colcon.colcon_core.verb:set package 'mavros' build argument 'cmake_force_configure' from command line to 'False'
[2.596s] Level 5:colcon.colcon_core.verb:set package 'mavros' build argument 'ament_cmake_args' from command line to 'None'
[2.596s] Level 5:colcon.colcon_core.verb:set package 'mavros' build argument 'catkin_cmake_args' from command line to 'None'
[2.596s] Level 5:colcon.colcon_core.verb:set package 'mavros' build argument 'catkin_skip_building_tests' from command line to 'False'
[2.596s] DEBUG:colcon.colcon_core.verb:Building package 'mavros' with the following arguments: {'ament_cmake_args': None, 'build_base': '/home/bumblebee*/bumblebee_ws/build/mavros', 'catkin_cmake_args': None, 'catkin_skip_building_tests': False, 'cmake_args': None, 'cmake_clean_cache': False, 'cmake_clean_first': False, 'cmake_force_configure': False, 'cmake_target': None, 'cmake_target_skip_unavailable': False, 'install_base': '/home/bumblebee*/bumblebee_ws/install/mavros', 'merge_install': False, 'path': '/home/bumblebee*/bumblebee_ws/src/mavros', 'symlink_install': False, 'test_result_base': None}
[2.598s] Level 5:colcon.colcon_core.verb:set package 'mavros_extras' build argument 'cmake_args' from command line to 'None'
[2.598s] Level 5:colcon.colcon_core.verb:set package 'mavros_extras' build argument 'cmake_target' from command line to 'None'
[2.598s] Level 5:colcon.colcon_core.verb:set package 'mavros_extras' build argument 'cmake_target_skip_unavailable' from command line to 'False'
[2.598s] Level 5:colcon.colcon_core.verb:set package 'mavros_extras' build argument 'cmake_clean_cache' from command line to 'False'
[2.598s] Level 5:colcon.colcon_core.verb:set package 'mavros_extras' build argument 'cmake_clean_first' from command line to 'False'
[2.598s] Level 5:colcon.colcon_core.verb:set package 'mavros_extras' build argument 'cmake_force_configure' from command line to 'False'
[2.599s] Level 5:colcon.colcon_core.verb:set package 'mavros_extras' build argument 'ament_cmake_args' from command line to 'None'
[2.599s] Level 5:colcon.colcon_core.verb:set package 'mavros_extras' build argument 'catkin_cmake_args' from command line to 'None'
[2.599s] Level 5:colcon.colcon_core.verb:set package 'mavros_extras' build argument 'catkin_skip_building_tests' from command line to 'False'
[2.599s] DEBUG:colcon.colcon_core.verb:Building package 'mavros_extras' with the following arguments: {'ament_cmake_args': None, 'build_base': '/home/bumblebee*/bumblebee_ws/build/mavros_extras', 'catkin_cmake_args': None, 'catkin_skip_building_tests': False, 'cmake_args': None, 'cmake_clean_cache': False, 'cmake_clean_first': False, 'cmake_force_configure': False, 'cmake_target': None, 'cmake_target_skip_unavailable': False, 'install_base': '/home/bumblebee*/bumblebee_ws/install/mavros_extras', 'merge_install': False, 'path': '/home/bumblebee*/bumblebee_ws/src/mavros_extras', 'symlink_install': False, 'test_result_base': None}
[2.599s] INFO:colcon.colcon_core.executor:Executing jobs using 'parallel' executor
[2.603s] DEBUG:colcon.colcon_parallel_executor.executor.parallel:run_until_complete
[2.604s] INFO:colcon.colcon_ros.task.ament_cmake.build:Building ROS package in '/home/bumblebee*/bumblebee_ws/src/mavros_msgs' with build type 'ament_cmake'
[2.605s] INFO:colcon.colcon_cmake.task.cmake.build:Building CMake package in '/home/bumblebee*/bumblebee_ws/src/mavros_msgs'
[2.626s] INFO:colcon.colcon_core.plugin_system:Skipping extension 'colcon_core.shell.bat': Not used on non-Windows systems
[2.628s] INFO:colcon.colcon_core.shell:Skip shell extension 'powershell' for command environment: Not usable outside of PowerShell
[2.628s] DEBUG:colcon.colcon_core.shell:Skip shell extension 'dsv' for command environment
[2.661s] DEBUG:colcon.colcon_core.event_handler.log_command:Invoking command in '/home/bumblebee*/bumblebee_ws/build/mavros_msgs': CMAKE_PREFIX_PATH=/opt/ros/humble /usr/bin/cmake /home/bumblebee*/bumblebee_ws/src/mavros_msgs -DCMAKE_INSTALL_PREFIX=/home/bumblebee*/bumblebee_ws/install/mavros_msgs
[7.851s] DEBUG:colcon.colcon_core.event_handler.log_command:Invoked command in '/home/bumblebee*/bumblebee_ws/build/mavros_msgs' returned '1': CMAKE_PREFIX_PATH=/opt/ros/humble /usr/bin/cmake /home/bumblebee*/bumblebee_ws/src/mavros_msgs -DCMAKE_INSTALL_PREFIX=/home/bumblebee*/bumblebee_ws/install/mavros_msgs
[7.897s] Level 1:colcon.colcon_core.environment:create_environment_scripts_only(mavros_msgs)
[7.923s] Level 1:colcon.colcon_core.environment:checking '/home/bumblebee*/bumblebee_ws/install/mavros_msgs' for CMake module files
[7.924s] Level 1:colcon.colcon_core.environment:checking '/home/bumblebee*/bumblebee_ws/install/mavros_msgs' for CMake config files
[7.926s] Level 1:colcon.colcon_core.environment:checking '/home/bumblebee*/bumblebee_ws/install/mavros_msgs/bin'
[7.926s] Level 1:colcon.colcon_core.environment:checking '/home/bumblebee*/bumblebee_ws/install/mavros_msgs/lib/pkgconfig/mavros_msgs.pc'
[7.927s] Level 1:colcon.colcon_core.environment:checking '/home/bumblebee*/bumblebee_ws/install/mavros_msgs/lib/python3.10/site-packages'
[7.928s] Level 1:colcon.colcon_core.environment:checking '/home/bumblebee*/bumblebee_ws/install/mavros_msgs/bin'
[7.929s] INFO:colcon.colcon_core.shell:Creating package script '/home/bumblebee*/bumblebee_ws/install/mavros_msgs/share/mavros_msgs/package.ps1'
[7.936s] INFO:colcon.colcon_core.shell:Creating package descriptor '/home/bumblebee*/bumblebee_ws/install/mavros_msgs/share/mavros_msgs/package.dsv'
[7.939s] INFO:colcon.colcon_core.shell:Creating package script '/home/bumblebee*/bumblebee_ws/install/mavros_msgs/share/mavros_msgs/package.sh'
[7.942s] INFO:colcon.colcon_core.shell:Creating package script '/home/bumblebee*/bumblebee_ws/install/mavros_msgs/share/mavros_msgs/package.bash'
[7.948s] INFO:colcon.colcon_core.shell:Creating package script '/home/bumblebee*/bumblebee_ws/install/mavros_msgs/share/mavros_msgs/package.zsh'
[7.952s] Level 1:colcon.colcon_core.environment:create_file_with_runtime_dependencies(/home/bumblebee*/bumblebee_ws/install/mavros_msgs/share/colcon-core/packages/mavros_msgs)
[7.965s] DEBUG:colcon.colcon_parallel_executor.executor.parallel:closing loop
[7.965s] DEBUG:colcon.colcon_parallel_executor.executor.parallel:loop closed
[7.965s] DEBUG:colcon.colcon_parallel_executor.executor.parallel:run_until_complete finished with '1'
[7.966s] DEBUG:colcon.colcon_core.event_reactor:joining thread
[7.996s] INFO:colcon.colcon_core.plugin_system:Skipping extension 'colcon_notification.desktop_notification.terminal_notifier': Not used on non-Darwin systems
[7.997s] INFO:colcon.colcon_core.plugin_system:Skipping extension 'colcon_notification.desktop_notification.win32': Not used on non-Windows systems
[7.997s] INFO:colcon.colcon_notification.desktop_notification:Sending desktop notification using 'notify2'
[8.464s] DEBUG:colcon.colcon_core.event_reactor:joined thread
[8.465s] INFO:colcon.colcon_core.shell:Creating prefix script '/home/bumblebee*/bumblebee_ws/install/local_setup.ps1'
[8.473s] INFO:colcon.colcon_core.shell:Creating prefix util module '/home/bumblebee*/bumblebee_ws/install/_local_setup_util_ps1.py'
[8.482s] INFO:colcon.colcon_core.shell:Creating prefix chain script '/home/bumblebee*/bumblebee_ws/install/setup.ps1'
[8.490s] INFO:colcon.colcon_core.shell:Creating prefix script '/home/bumblebee*/bumblebee_ws/install/local_setup.sh'
[8.494s] INFO:colcon.colcon_core.shell:Creating prefix util module '/home/bumblebee*/bumblebee_ws/install/_local_setup_util_sh.py'
[8.499s] INFO:colcon.colcon_core.shell:Creating prefix chain script '/home/bumblebee*/bumblebee_ws/install/setup.sh'
[8.507s] INFO:colcon.colcon_core.shell:Creating prefix script '/home/bumblebee*/bumblebee_ws/install/local_setup.bash'
[8.511s] INFO:colcon.colcon_core.shell:Creating prefix chain script '/home/bumblebee*/bumblebee_ws/install/setup.bash'
[8.517s] INFO:colcon.colcon_core.shell:Creating prefix script '/home/bumblebee*/bumblebee_ws/install/local_setup.zsh'
[8.521s] INFO:colcon.colcon_core.shell:Creating prefix chain script '/home/bumblebee*/bumblebee_ws/install/setup.zsh'
