[0.461s] DEBUG:colcon:Command line arguments: ['/usr/bin/colcon', 'build']
[0.462s] DEBUG:colcon:Parsed command line arguments: Namespace(log_base=None, log_level=None, verb_name='build', build_base='build', install_base='install', merge_install=False, symlink_install=False, test_result_base=None, continue_on_error=False, executor='parallel', parallel_workers=4, event_handlers=None, ignore_user_meta=False, metas=['./colcon.meta'], base_paths=['.'], packages_ignore=None, packages_ignore_regex=None, paths=None, packages_up_to=None, packages_up_to_regex=None, packages_above=None, packages_above_and_dependencies=None, packages_above_depth=None, packages_select_by_dep=None, packages_skip_by_dep=None, packages_skip_up_to=None, packages_select_build_failed=False, packages_skip_build_finished=False, packages_select_test_failures=False, packages_skip_test_passed=False, packages_select=None, packages_skip=None, packages_select_regex=None, packages_skip_regex=None, packages_start=None, packages_end=None, allow_overriding=[], cmake_args=None, cmake_target=None, cmake_target_skip_unavailable=False, cmake_clean_cache=False, cmake_clean_first=False, cmake_force_configure=False, ament_cmake_args=None, catkin_cmake_args=None, catkin_skip_building_tests=False, mixin_files=None, mixin=None, verb_parser=<colcon_mixin.mixin.mixin_argument.MixinArgumentDecorator object at 0xffffb12b60b0>, verb_extension=<colcon_core.verb.build.BuildVerb object at 0xffffb13b6710>, main=<bound method BuildVerb.main of <colcon_core.verb.build.BuildVerb object at 0xffffb13b6710>>, mixin_verb=('build',))
[1.328s] Level 1:colcon.colcon_core.package_discovery:discover_packages(colcon_meta) check parameters
[1.328s] Level 1:colcon.colcon_core.package_discovery:discover_packages(recursive) check parameters
[1.329s] Level 1:colcon.colcon_core.package_discovery:discover_packages(ignore) check parameters
[1.329s] Level 1:colcon.colcon_core.package_discovery:discover_packages(path) check parameters
[1.329s] Level 1:colcon.colcon_core.package_discovery:discover_packages(colcon_meta) discover
[1.329s] Level 1:colcon.colcon_core.package_discovery:discover_packages(recursive) discover
[1.329s] INFO:colcon.colcon_core.package_discovery:Crawling recursively for packages in '/home/bumblebee*/bumblebee_ws'
[1.330s] Level 1:colcon.colcon_core.package_identification:_identify(.) by extensions ['ignore', 'ignore_ament_install']
[1.330s] Level 1:colcon.colcon_core.package_identification:_identify(.) by extension 'ignore'
[1.330s] Level 1:colcon.colcon_core.package_identification:_identify(.) by extension 'ignore_ament_install'
[1.330s] Level 1:colcon.colcon_core.package_identification:_identify(.) by extensions ['colcon_pkg']
[1.330s] Level 1:colcon.colcon_core.package_identification:_identify(.) by extension 'colcon_pkg'
[1.331s] Level 1:colcon.colcon_core.package_identification:_identify(.) by extensions ['colcon_meta']
[1.331s] Level 1:colcon.colcon_core.package_identification:_identify(.) by extension 'colcon_meta'
[1.331s] Level 1:colcon.colcon_core.package_identification:_identify(.) by extensions ['ros']
[1.331s] Level 1:colcon.colcon_core.package_identification:_identify(.) by extension 'ros'
[1.375s] Level 1:colcon.colcon_core.package_identification:_identify(.) by extensions ['cmake', 'python']
[1.375s] Level 1:colcon.colcon_core.package_identification:_identify(.) by extension 'cmake'
[1.375s] Level 1:colcon.colcon_core.package_identification:_identify(.) by extension 'python'
[1.375s] Level 1:colcon.colcon_core.package_identification:_identify(.) by extensions ['python_setup_py']
[1.375s] Level 1:colcon.colcon_core.package_identification:_identify(.) by extension 'python_setup_py'
[1.376s] Level 1:colcon.colcon_core.package_identification:_identify(build) by extensions ['ignore', 'ignore_ament_install']
[1.376s] Level 1:colcon.colcon_core.package_identification:_identify(build) by extension 'ignore'
[1.377s] Level 1:colcon.colcon_core.package_identification:_identify(build) ignored
[1.377s] Level 1:colcon.colcon_core.package_identification:_identify(install) by extensions ['ignore', 'ignore_ament_install']
[1.378s] Level 1:colcon.colcon_core.package_identification:_identify(install) by extension 'ignore'
[1.378s] Level 1:colcon.colcon_core.package_identification:_identify(install) ignored
[1.378s] Level 1:colcon.colcon_core.package_identification:_identify(log) by extensions ['ignore', 'ignore_ament_install']
[1.379s] Level 1:colcon.colcon_core.package_identification:_identify(log) by extension 'ignore'
[1.379s] Level 1:colcon.colcon_core.package_identification:_identify(log) ignored
[1.379s] Level 1:colcon.colcon_core.package_identification:_identify(src) by extensions ['ignore', 'ignore_ament_install']
[1.379s] Level 1:colcon.colcon_core.package_identification:_identify(src) by extension 'ignore'
[1.380s] Level 1:colcon.colcon_core.package_identification:_identify(src) by extension 'ignore_ament_install'
[1.380s] Level 1:colcon.colcon_core.package_identification:_identify(src) by extensions ['colcon_pkg']
[1.380s] Level 1:colcon.colcon_core.package_identification:_identify(src) by extension 'colcon_pkg'
[1.380s] Level 1:colcon.colcon_core.package_identification:_identify(src) by extensions ['colcon_meta']
[1.380s] Level 1:colcon.colcon_core.package_identification:_identify(src) by extension 'colcon_meta'
[1.380s] Level 1:colcon.colcon_core.package_identification:_identify(src) by extensions ['ros']
[1.381s] Level 1:colcon.colcon_core.package_identification:_identify(src) by extension 'ros'
[1.381s] Level 1:colcon.colcon_core.package_identification:_identify(src) by extensions ['cmake', 'python']
[1.381s] Level 1:colcon.colcon_core.package_identification:_identify(src) by extension 'cmake'
[1.381s] Level 1:colcon.colcon_core.package_identification:_identify(src) by extension 'python'
[1.381s] Level 1:colcon.colcon_core.package_identification:_identify(src) by extensions ['python_setup_py']
[1.381s] Level 1:colcon.colcon_core.package_identification:_identify(src) by extension 'python_setup_py'
[1.382s] Level 1:colcon.colcon_core.package_identification:_identify(src/mavros) by extensions ['ignore', 'ignore_ament_install']
[1.382s] Level 1:colcon.colcon_core.package_identification:_identify(src/mavros) by extension 'ignore'
[1.383s] Level 1:colcon.colcon_core.package_identification:_identify(src/mavros) by extension 'ignore_ament_install'
[1.383s] Level 1:colcon.colcon_core.package_identification:_identify(src/mavros) by extensions ['colcon_pkg']
[1.383s] Level 1:colcon.colcon_core.package_identification:_identify(src/mavros) by extension 'colcon_pkg'
[1.383s] Level 1:colcon.colcon_core.package_identification:_identify(src/mavros) by extensions ['colcon_meta']
[1.383s] Level 1:colcon.colcon_core.package_identification:_identify(src/mavros) by extension 'colcon_meta'
[1.383s] Level 1:colcon.colcon_core.package_identification:_identify(src/mavros) by extensions ['ros']
[1.383s] Level 1:colcon.colcon_core.package_identification:_identify(src/mavros) by extension 'ros'
[1.401s] DEBUG:colcon.colcon_core.package_identification:Package 'src/mavros' with type 'ros.ament_cmake' and name 'mavros'
[1.402s] Level 1:colcon.colcon_core.package_identification:_identify(src/mavros_extras) by extensions ['ignore', 'ignore_ament_install']
[1.402s] Level 1:colcon.colcon_core.package_identification:_identify(src/mavros_extras) by extension 'ignore'
[1.403s] Level 1:colcon.colcon_core.package_identification:_identify(src/mavros_extras) by extension 'ignore_ament_install'
[1.403s] Level 1:colcon.colcon_core.package_identification:_identify(src/mavros_extras) by extensions ['colcon_pkg']
[1.403s] Level 1:colcon.colcon_core.package_identification:_identify(src/mavros_extras) by extension 'colcon_pkg'
[1.403s] Level 1:colcon.colcon_core.package_identification:_identify(src/mavros_extras) by extensions ['colcon_meta']
[1.403s] Level 1:colcon.colcon_core.package_identification:_identify(src/mavros_extras) by extension 'colcon_meta'
[1.403s] Level 1:colcon.colcon_core.package_identification:_identify(src/mavros_extras) by extensions ['ros']
[1.404s] Level 1:colcon.colcon_core.package_identification:_identify(src/mavros_extras) by extension 'ros'
[1.415s] DEBUG:colcon.colcon_core.package_identification:Package 'src/mavros_extras' with type 'ros.ament_cmake' and name 'mavros_extras'
[1.416s] Level 1:colcon.colcon_core.package_identification:_identify(src/mavros_msgs) by extensions ['ignore', 'ignore_ament_install']
[1.416s] Level 1:colcon.colcon_core.package_identification:_identify(src/mavros_msgs) by extension 'ignore'
[1.416s] Level 1:colcon.colcon_core.package_identification:_identify(src/mavros_msgs) by extension 'ignore_ament_install'
[1.417s] Level 1:colcon.colcon_core.package_identification:_identify(src/mavros_msgs) by extensions ['colcon_pkg']
[1.417s] Level 1:colcon.colcon_core.package_identification:_identify(src/mavros_msgs) by extension 'colcon_pkg'
[1.417s] Level 1:colcon.colcon_core.package_identification:_identify(src/mavros_msgs) by extensions ['colcon_meta']
[1.417s] Level 1:colcon.colcon_core.package_identification:_identify(src/mavros_msgs) by extension 'colcon_meta'
[1.417s] Level 1:colcon.colcon_core.package_identification:_identify(src/mavros_msgs) by extensions ['ros']
[1.417s] Level 1:colcon.colcon_core.package_identification:_identify(src/mavros_msgs) by extension 'ros'
[1.427s] DEBUG:colcon.colcon_core.package_identification:Package 'src/mavros_msgs' with type 'ros.ament_cmake' and name 'mavros_msgs'
[1.427s] Level 1:colcon.colcon_core.package_discovery:discover_packages(recursive) using defaults
[1.427s] Level 1:colcon.colcon_core.package_discovery:discover_packages(ignore) discover
[1.427s] Level 1:colcon.colcon_core.package_discovery:discover_packages(ignore) using defaults
[1.428s] Level 1:colcon.colcon_core.package_discovery:discover_packages(path) discover
[1.428s] Level 1:colcon.colcon_core.package_discovery:discover_packages(path) using defaults
[1.546s] Level 1:colcon.colcon_core.package_discovery:discover_packages(prefix_path) check parameters
[1.546s] Level 1:colcon.colcon_core.package_discovery:discover_packages(prefix_path) discover
[1.560s] DEBUG:colcon.colcon_installed_package_information.package_discovery:Found 279 installed packages in /opt/ros/humble
[1.566s] Level 1:colcon.colcon_core.package_discovery:discover_packages(prefix_path) using defaults
[1.734s] Level 5:colcon.colcon_core.verb:set package 'mavros_msgs' build argument 'cmake_args' from command line to 'None'
[1.734s] Level 5:colcon.colcon_core.verb:set package 'mavros_msgs' build argument 'cmake_target' from command line to 'None'
[1.734s] Level 5:colcon.colcon_core.verb:set package 'mavros_msgs' build argument 'cmake_target_skip_unavailable' from command line to 'False'
[1.734s] Level 5:colcon.colcon_core.verb:set package 'mavros_msgs' build argument 'cmake_clean_cache' from command line to 'False'
[1.734s] Level 5:colcon.colcon_core.verb:set package 'mavros_msgs' build argument 'cmake_clean_first' from command line to 'False'
[1.734s] Level 5:colcon.colcon_core.verb:set package 'mavros_msgs' build argument 'cmake_force_configure' from command line to 'False'
[1.734s] Level 5:colcon.colcon_core.verb:set package 'mavros_msgs' build argument 'ament_cmake_args' from command line to 'None'
[1.735s] Level 5:colcon.colcon_core.verb:set package 'mavros_msgs' build argument 'catkin_cmake_args' from command line to 'None'
[1.735s] Level 5:colcon.colcon_core.verb:set package 'mavros_msgs' build argument 'catkin_skip_building_tests' from command line to 'False'
[1.735s] DEBUG:colcon.colcon_core.verb:Building package 'mavros_msgs' with the following arguments: {'ament_cmake_args': None, 'build_base': '/home/bumblebee*/bumblebee_ws/build/mavros_msgs', 'catkin_cmake_args': None, 'catkin_skip_building_tests': False, 'cmake_args': None, 'cmake_clean_cache': False, 'cmake_clean_first': False, 'cmake_force_configure': False, 'cmake_target': None, 'cmake_target_skip_unavailable': False, 'install_base': '/home/bumblebee*/bumblebee_ws/install/mavros_msgs', 'merge_install': False, 'path': '/home/bumblebee*/bumblebee_ws/src/mavros_msgs', 'symlink_install': False, 'test_result_base': None}
[1.736s] Level 5:colcon.colcon_core.verb:set package 'mavros' build argument 'cmake_args' from command line to 'None'
[1.737s] Level 5:colcon.colcon_core.verb:set package 'mavros' build argument 'cmake_target' from command line to 'None'
[1.737s] Level 5:colcon.colcon_core.verb:set package 'mavros' build argument 'cmake_target_skip_unavailable' from command line to 'False'
[1.737s] Level 5:colcon.colcon_core.verb:set package 'mavros' build argument 'cmake_clean_cache' from command line to 'False'
[1.737s] Level 5:colcon.colcon_core.verb:set package 'mavros' build argument 'cmake_clean_first' from command line to 'False'
[1.737s] Level 5:colcon.colcon_core.verb:set package 'mavros' build argument 'cmake_force_configure' from command line to 'False'
[1.737s] Level 5:colcon.colcon_core.verb:set package 'mavros' build argument 'ament_cmake_args' from command line to 'None'
[1.737s] Level 5:colcon.colcon_core.verb:set package 'mavros' build argument 'catkin_cmake_args' from command line to 'None'
[1.737s] Level 5:colcon.colcon_core.verb:set package 'mavros' build argument 'catkin_skip_building_tests' from command line to 'False'
[1.738s] DEBUG:colcon.colcon_core.verb:Building package 'mavros' with the following arguments: {'ament_cmake_args': None, 'build_base': '/home/bumblebee*/bumblebee_ws/build/mavros', 'catkin_cmake_args': None, 'catkin_skip_building_tests': False, 'cmake_args': None, 'cmake_clean_cache': False, 'cmake_clean_first': False, 'cmake_force_configure': False, 'cmake_target': None, 'cmake_target_skip_unavailable': False, 'install_base': '/home/bumblebee*/bumblebee_ws/install/mavros', 'merge_install': False, 'path': '/home/bumblebee*/bumblebee_ws/src/mavros', 'symlink_install': False, 'test_result_base': None}
[1.739s] Level 5:colcon.colcon_core.verb:set package 'mavros_extras' build argument 'cmake_args' from command line to 'None'
[1.739s] Level 5:colcon.colcon_core.verb:set package 'mavros_extras' build argument 'cmake_target' from command line to 'None'
[1.739s] Level 5:colcon.colcon_core.verb:set package 'mavros_extras' build argument 'cmake_target_skip_unavailable' from command line to 'False'
[1.739s] Level 5:colcon.colcon_core.verb:set package 'mavros_extras' build argument 'cmake_clean_cache' from command line to 'False'
[1.739s] Level 5:colcon.colcon_core.verb:set package 'mavros_extras' build argument 'cmake_clean_first' from command line to 'False'
[1.740s] Level 5:colcon.colcon_core.verb:set package 'mavros_extras' build argument 'cmake_force_configure' from command line to 'False'
[1.740s] Level 5:colcon.colcon_core.verb:set package 'mavros_extras' build argument 'ament_cmake_args' from command line to 'None'
[1.740s] Level 5:colcon.colcon_core.verb:set package 'mavros_extras' build argument 'catkin_cmake_args' from command line to 'None'
[1.740s] Level 5:colcon.colcon_core.verb:set package 'mavros_extras' build argument 'catkin_skip_building_tests' from command line to 'False'
[1.740s] DEBUG:colcon.colcon_core.verb:Building package 'mavros_extras' with the following arguments: {'ament_cmake_args': None, 'build_base': '/home/bumblebee*/bumblebee_ws/build/mavros_extras', 'catkin_cmake_args': None, 'catkin_skip_building_tests': False, 'cmake_args': None, 'cmake_clean_cache': False, 'cmake_clean_first': False, 'cmake_force_configure': False, 'cmake_target': None, 'cmake_target_skip_unavailable': False, 'install_base': '/home/bumblebee*/bumblebee_ws/install/mavros_extras', 'merge_install': False, 'path': '/home/bumblebee*/bumblebee_ws/src/mavros_extras', 'symlink_install': False, 'test_result_base': None}
[1.740s] INFO:colcon.colcon_core.executor:Executing jobs using 'parallel' executor
[1.744s] DEBUG:colcon.colcon_parallel_executor.executor.parallel:run_until_complete
[1.744s] INFO:colcon.colcon_ros.task.ament_cmake.build:Building ROS package in '/home/bumblebee*/bumblebee_ws/src/mavros_msgs' with build type 'ament_cmake'
[1.745s] INFO:colcon.colcon_cmake.task.cmake.build:Building CMake package in '/home/bumblebee*/bumblebee_ws/src/mavros_msgs'
[1.754s] INFO:colcon.colcon_core.plugin_system:Skipping extension 'colcon_core.shell.bat': Not used on non-Windows systems
[1.755s] INFO:colcon.colcon_core.shell:Skip shell extension 'powershell' for command environment: Not usable outside of PowerShell
[1.755s] DEBUG:colcon.colcon_core.shell:Skip shell extension 'dsv' for command environment
[1.799s] DEBUG:colcon.colcon_core.event_handler.log_command:Invoking command in '/home/bumblebee*/bumblebee_ws/build/mavros_msgs': CMAKE_PREFIX_PATH=/opt/ros/humble /usr/bin/cmake --build /home/bumblebee*/bumblebee_ws/build/mavros_msgs -- -j4 -l4
[4.533s] DEBUG:colcon.colcon_core.event_handler.log_command:Invoked command in '/home/bumblebee*/bumblebee_ws/build/mavros_msgs' returned '0': CMAKE_PREFIX_PATH=/opt/ros/humble /usr/bin/cmake --build /home/bumblebee*/bumblebee_ws/build/mavros_msgs -- -j4 -l4
[20.159s] DEBUG:colcon.colcon_core.event_handler.log_command:Invoking command in '/home/bumblebee*/bumblebee_ws/build/mavros_msgs': CMAKE_PREFIX_PATH=/opt/ros/humble /usr/bin/cmake --install /home/bumblebee*/bumblebee_ws/build/mavros_msgs
[21.702s] Level 1:colcon.colcon_core.environment:create_environment_scripts_only(mavros_msgs)
[21.704s] DEBUG:colcon.colcon_core.event_handler.log_command:Invoked command in '/home/bumblebee*/bumblebee_ws/build/mavros_msgs' returned '0': CMAKE_PREFIX_PATH=/opt/ros/humble /usr/bin/cmake --install /home/bumblebee*/bumblebee_ws/build/mavros_msgs
[21.713s] Level 1:colcon.colcon_core.environment:checking '/home/bumblebee*/bumblebee_ws/install/mavros_msgs' for CMake module files
[21.718s] Level 1:colcon.colcon_core.environment:checking '/home/bumblebee*/bumblebee_ws/install/mavros_msgs' for CMake config files
[21.725s] Level 1:colcon.colcon_core.shell:create_environment_hook('mavros_msgs', 'cmake_prefix_path')
[21.726s] INFO:colcon.colcon_core.shell:Creating environment hook '/home/bumblebee*/bumblebee_ws/install/mavros_msgs/share/mavros_msgs/hook/cmake_prefix_path.ps1'
[21.729s] INFO:colcon.colcon_core.shell:Creating environment descriptor '/home/bumblebee*/bumblebee_ws/install/mavros_msgs/share/mavros_msgs/hook/cmake_prefix_path.dsv'
[21.731s] INFO:colcon.colcon_core.shell:Creating environment hook '/home/bumblebee*/bumblebee_ws/install/mavros_msgs/share/mavros_msgs/hook/cmake_prefix_path.sh'
[21.735s] Level 1:colcon.colcon_core.environment:checking '/home/bumblebee*/bumblebee_ws/install/mavros_msgs/lib'
[21.736s] Level 1:colcon.colcon_core.shell:create_environment_hook('mavros_msgs', 'ld_library_path_lib')
[21.737s] INFO:colcon.colcon_core.shell:Creating environment hook '/home/bumblebee*/bumblebee_ws/install/mavros_msgs/share/mavros_msgs/hook/ld_library_path_lib.ps1'
[21.738s] INFO:colcon.colcon_core.shell:Creating environment descriptor '/home/bumblebee*/bumblebee_ws/install/mavros_msgs/share/mavros_msgs/hook/ld_library_path_lib.dsv'
[21.740s] INFO:colcon.colcon_core.shell:Creating environment hook '/home/bumblebee*/bumblebee_ws/install/mavros_msgs/share/mavros_msgs/hook/ld_library_path_lib.sh'
[21.742s] Level 1:colcon.colcon_core.environment:checking '/home/bumblebee*/bumblebee_ws/install/mavros_msgs/bin'
[21.742s] Level 1:colcon.colcon_core.environment:checking '/home/bumblebee*/bumblebee_ws/install/mavros_msgs/lib/pkgconfig/mavros_msgs.pc'
[21.743s] Level 1:colcon.colcon_core.environment:checking '/home/bumblebee*/bumblebee_ws/install/mavros_msgs/lib/python3.10/site-packages'
[21.744s] Level 1:colcon.colcon_core.environment:checking '/home/bumblebee*/bumblebee_ws/install/mavros_msgs/bin'
[21.746s] INFO:colcon.colcon_core.shell:Creating package script '/home/bumblebee*/bumblebee_ws/install/mavros_msgs/share/mavros_msgs/package.ps1'
[21.749s] INFO:colcon.colcon_core.shell:Creating package descriptor '/home/bumblebee*/bumblebee_ws/install/mavros_msgs/share/mavros_msgs/package.dsv'
[21.752s] INFO:colcon.colcon_core.shell:Creating package script '/home/bumblebee*/bumblebee_ws/install/mavros_msgs/share/mavros_msgs/package.sh'
[21.755s] INFO:colcon.colcon_core.shell:Creating package script '/home/bumblebee*/bumblebee_ws/install/mavros_msgs/share/mavros_msgs/package.bash'
[21.759s] INFO:colcon.colcon_core.shell:Creating package script '/home/bumblebee*/bumblebee_ws/install/mavros_msgs/share/mavros_msgs/package.zsh'
[21.762s] Level 1:colcon.colcon_core.environment:create_file_with_runtime_dependencies(/home/bumblebee*/bumblebee_ws/install/mavros_msgs/share/colcon-core/packages/mavros_msgs)
[37.424s] Level 1:colcon.colcon_core.environment:create_environment_scripts_only(mavros_msgs)
[37.426s] Level 1:colcon.colcon_core.environment:checking '/home/bumblebee*/bumblebee_ws/install/mavros_msgs' for CMake module files
[37.431s] Level 1:colcon.colcon_core.environment:checking '/home/bumblebee*/bumblebee_ws/install/mavros_msgs' for CMake config files
[37.439s] Level 1:colcon.colcon_core.shell:create_environment_hook('mavros_msgs', 'cmake_prefix_path')
[37.440s] INFO:colcon.colcon_core.shell:Creating environment hook '/home/bumblebee*/bumblebee_ws/install/mavros_msgs/share/mavros_msgs/hook/cmake_prefix_path.ps1'
[37.442s] INFO:colcon.colcon_core.shell:Creating environment descriptor '/home/bumblebee*/bumblebee_ws/install/mavros_msgs/share/mavros_msgs/hook/cmake_prefix_path.dsv'
[37.444s] INFO:colcon.colcon_core.shell:Creating environment hook '/home/bumblebee*/bumblebee_ws/install/mavros_msgs/share/mavros_msgs/hook/cmake_prefix_path.sh'
[37.447s] Level 1:colcon.colcon_core.environment:checking '/home/bumblebee*/bumblebee_ws/install/mavros_msgs/lib'
[37.448s] Level 1:colcon.colcon_core.shell:create_environment_hook('mavros_msgs', 'ld_library_path_lib')
[37.449s] INFO:colcon.colcon_core.shell:Creating environment hook '/home/bumblebee*/bumblebee_ws/install/mavros_msgs/share/mavros_msgs/hook/ld_library_path_lib.ps1'
[37.451s] INFO:colcon.colcon_core.shell:Creating environment descriptor '/home/bumblebee*/bumblebee_ws/install/mavros_msgs/share/mavros_msgs/hook/ld_library_path_lib.dsv'
[37.453s] INFO:colcon.colcon_core.shell:Creating environment hook '/home/bumblebee*/bumblebee_ws/install/mavros_msgs/share/mavros_msgs/hook/ld_library_path_lib.sh'
[37.455s] Level 1:colcon.colcon_core.environment:checking '/home/bumblebee*/bumblebee_ws/install/mavros_msgs/bin'
[37.455s] Level 1:colcon.colcon_core.environment:checking '/home/bumblebee*/bumblebee_ws/install/mavros_msgs/lib/pkgconfig/mavros_msgs.pc'
[37.457s] Level 1:colcon.colcon_core.environment:checking '/home/bumblebee*/bumblebee_ws/install/mavros_msgs/lib/python3.10/site-packages'
[37.457s] Level 1:colcon.colcon_core.environment:checking '/home/bumblebee*/bumblebee_ws/install/mavros_msgs/bin'
[37.459s] INFO:colcon.colcon_core.shell:Creating package script '/home/bumblebee*/bumblebee_ws/install/mavros_msgs/share/mavros_msgs/package.ps1'
[37.461s] INFO:colcon.colcon_core.shell:Creating package descriptor '/home/bumblebee*/bumblebee_ws/install/mavros_msgs/share/mavros_msgs/package.dsv'
[37.464s] INFO:colcon.colcon_core.shell:Creating package script '/home/bumblebee*/bumblebee_ws/install/mavros_msgs/share/mavros_msgs/package.sh'
[37.466s] INFO:colcon.colcon_core.shell:Creating package script '/home/bumblebee*/bumblebee_ws/install/mavros_msgs/share/mavros_msgs/package.bash'
[37.469s] INFO:colcon.colcon_core.shell:Creating package script '/home/bumblebee*/bumblebee_ws/install/mavros_msgs/share/mavros_msgs/package.zsh'
[37.471s] Level 1:colcon.colcon_core.environment:create_file_with_runtime_dependencies(/home/bumblebee*/bumblebee_ws/install/mavros_msgs/share/colcon-core/packages/mavros_msgs)
[37.473s] INFO:colcon.colcon_ros.task.ament_cmake.build:Building ROS package in '/home/bumblebee*/bumblebee_ws/src/mavros' with build type 'ament_cmake'
[37.473s] INFO:colcon.colcon_cmake.task.cmake.build:Building CMake package in '/home/bumblebee*/bumblebee_ws/src/mavros'
[37.474s] INFO:colcon.colcon_core.shell:Skip shell extension 'powershell' for command environment: Not usable outside of PowerShell
[37.475s] DEBUG:colcon.colcon_core.shell:Skip shell extension 'dsv' for command environment
[37.526s] DEBUG:colcon.colcon_core.event_handler.log_command:Invoking command in '/home/bumblebee*/bumblebee_ws/build/mavros': AMENT_PREFIX_PATH=/home/bumblebee*/bumblebee_ws/install/mavros_msgs:${AMENT_PREFIX_PATH} CMAKE_PREFIX_PATH=/home/bumblebee*/bumblebee_ws/install/mavros_msgs:/opt/ros/humble LD_LIBRARY_PATH=/home/bumblebee*/bumblebee_ws/install/mavros_msgs/lib:${LD_LIBRARY_PATH} PYTHONPATH=/home/bumblebee*/bumblebee_ws/install/mavros_msgs/local/lib/python3.10/dist-packages:${PYTHONPATH} /usr/bin/cmake /home/bumblebee*/bumblebee_ws/src/mavros -DCMAKE_INSTALL_PREFIX=/home/bumblebee*/bumblebee_ws/install/mavros
[45.662s] DEBUG:colcon.colcon_core.event_handler.log_command:Invoked command in '/home/bumblebee*/bumblebee_ws/build/mavros' returned '0': AMENT_PREFIX_PATH=/home/bumblebee*/bumblebee_ws/install/mavros_msgs:${AMENT_PREFIX_PATH} CMAKE_PREFIX_PATH=/home/bumblebee*/bumblebee_ws/install/mavros_msgs:/opt/ros/humble LD_LIBRARY_PATH=/home/bumblebee*/bumblebee_ws/install/mavros_msgs/lib:${LD_LIBRARY_PATH} PYTHONPATH=/home/bumblebee*/bumblebee_ws/install/mavros_msgs/local/lib/python3.10/dist-packages:${PYTHONPATH} /usr/bin/cmake /home/bumblebee*/bumblebee_ws/src/mavros -DCMAKE_INSTALL_PREFIX=/home/bumblebee*/bumblebee_ws/install/mavros
[45.671s] DEBUG:colcon.colcon_core.event_handler.log_command:Invoking command in '/home/bumblebee*/bumblebee_ws/build/mavros': AMENT_PREFIX_PATH=/home/bumblebee*/bumblebee_ws/install/mavros_msgs:${AMENT_PREFIX_PATH} CMAKE_PREFIX_PATH=/home/bumblebee*/bumblebee_ws/install/mavros_msgs:/opt/ros/humble LD_LIBRARY_PATH=/home/bumblebee*/bumblebee_ws/install/mavros_msgs/lib:${LD_LIBRARY_PATH} PYTHONPATH=/home/bumblebee*/bumblebee_ws/install/mavros_msgs/local/lib/python3.10/dist-packages:${PYTHONPATH} /usr/bin/cmake --build /home/bumblebee*/bumblebee_ws/build/mavros -- -j4 -l4
