[0.047s] Invoking command in '/home/bumblebee*/bumblebee_ws/build/mavros_msgs': CMAKE_PREFIX_PATH=/opt/ros/humble /usr/bin/cmake /home/bumblebee*/bumblebee_ws/src/mavros_msgs -DCMAKE_INSTALL_PREFIX=/home/bumblebee*/bumblebee_ws/install/mavros_msgs
[0.110s] -- Found ament_cmake: 1.3.10 (/opt/ros/humble/share/ament_cmake/cmake)
[0.683s] -- Found rosidl_default_generators: 1.2.0 (/opt/ros/humble/share/rosidl_default_generators/cmake)
[0.701s] -- Using all available rosidl_typesupport_c: rosidl_typesupport_fastrtps_c;rosidl_typesupport_introspection_c
[0.712s] -- Found rosidl_adapter: 3.1.5 (/opt/ros/humble/share/rosidl_adapter/cmake)
[0.900s] -- Using all available rosidl_typesupport_cpp: rosidl_typesupport_fastrtps_cpp;rosidl_typesupport_introspection_cpp
[1.002s] -- Found builtin_interfaces: 1.2.1 (/opt/ros/humble/share/builtin_interfaces/cmake)
[1.048s] -- Found rcl_interfaces: 1.2.1 (/opt/ros/humble/share/rcl_interfaces/cmake)
[1.272s] [31mCMake Error at CMakeLists.txt:18 (find_package):
[1.272s]   By not providing "Findgeographic_msgs.cmake" in CMAKE_MODULE_PATH this
[1.273s]   project has asked CMake to find a package configuration file provided by
[1.273s]   "geographic_msgs", but CMake did not find one.
[1.273s] 
[1.274s]   Could not find a package configuration file provided by "geographic_msgs"
[1.274s]   with any of the following names:
[1.274s] 
[1.275s]     geographic_msgsConfig.cmake
[1.275s]     geographic_msgs-config.cmake
[1.276s] 
[1.276s]   Add the installation prefix of "geographic_msgs" to CMAKE_PREFIX_PATH or
[1.276s]   set "geographic_msgs_DIR" to a directory containing one of the above files.
[1.277s]   If "geographic_msgs" provides a separate development package or SDK, be
[1.277s]   sure it has been installed.
[1.278s] 
[1.279s] [0m
[1.280s] -- Configuring incomplete, errors occurred!
[1.281s] See also "/home/bumblebee*/bumblebee_ws/build/mavros_msgs/CMakeFiles/CMakeOutput.log".
[1.290s] Invoked command in '/home/bumblebee*/bumblebee_ws/build/mavros_msgs' returned '1': CMAKE_PREFIX_PATH=/opt/ros/humble /usr/bin/cmake /home/bumblebee*/bumblebee_ws/src/mavros_msgs -DCMAKE_INSTALL_PREFIX=/home/bumblebee*/bumblebee_ws/install/mavros_msgs
