[0.107s] Invoking command in '/home/bumblebee*/bumblebee_ws/build/mavros_extras': AMENT_PREFIX_PATH=/home/bumblebee*/bumblebee_ws/install/mavros_msgs:${AMENT_PREFIX_PATH} CMAKE_PREFIX_PATH=/home/bumblebee*/bumblebee_ws/install/mavros_msgs:/opt/ros/humble LD_LIBRARY_PATH=/home/bumblebee*/bumblebee_ws/install/mavros_msgs/lib:${LD_LIBRARY_PATH} PYTHONPATH=/home/bumblebee*/bumblebee_ws/install/mavros_msgs/local/lib/python3.10/dist-packages:${PYTHONPATH} /usr/bin/cmake /home/bumblebee*/bumblebee_ws/src/mavros_extras -DCMAKE_INSTALL_PREFIX=/home/bumblebee*/bumblebee_ws/install/mavros_extras
[1.182s] -- The C compiler identification is GNU 11.4.0
[1.906s] -- The CXX compiler identification is GNU 11.4.0
[1.955s] -- Detecting C compiler ABI info
[2.348s] -- Detecting C compiler ABI info - done
[2.376s] -- Check for working C compiler: /usr/bin/cc - skipped
[2.379s] -- Detecting C compile features
[2.382s] -- Detecting C compile features - done
[2.398s] -- Detecting CXX compiler ABI info
[2.780s] -- Detecting CXX compiler ABI info - done
[2.808s] -- Check for working CXX compiler: /usr/bin/c++ - skipped
[2.809s] -- Detecting CXX compile features
[2.811s] -- Detecting CXX compile features - done
[2.857s] -- Found ament_cmake: 1.3.10 (/opt/ros/humble/share/ament_cmake/cmake)
[3.656s] -- Found Python3: /usr/bin/python3 (found version "3.10.12") found components: Interpreter 
[4.360s] -- Found rclcpp: 16.0.10 (/opt/ros/humble/share/rclcpp/cmake)
[4.864s] -- Found rosidl_generator_c: 3.1.5 (/opt/ros/humble/share/rosidl_generator_c/cmake)
[4.923s] -- Found rosidl_adapter: 3.1.5 (/opt/ros/humble/share/rosidl_adapter/cmake)
[5.007s] -- Found rosidl_generator_cpp: 3.1.5 (/opt/ros/humble/share/rosidl_generator_cpp/cmake)
[5.161s] -- Using all available rosidl_typesupport_c: rosidl_typesupport_fastrtps_c;rosidl_typesupport_introspection_c
[5.314s] -- Using all available rosidl_typesupport_cpp: rosidl_typesupport_fastrtps_cpp;rosidl_typesupport_introspection_cpp
[5.714s] -- Found rmw_implementation_cmake: 6.1.2 (/opt/ros/humble/share/rmw_implementation_cmake/cmake)
[5.753s] -- Found rmw_fastrtps_cpp: 6.2.7 (/opt/ros/humble/share/rmw_fastrtps_cpp/cmake)
[6.444s] -- Found OpenSSL: /usr/lib/aarch64-linux-gnu/libcrypto.so (found version "3.0.2")  
[6.727s] -- Found FastRTPS: /opt/ros/humble/include  
[7.180s] -- Using RMW implementation 'rmw_fastrtps_cpp' as default
[7.284s] -- Looking for pthread.h
[7.674s] -- Looking for pthread.h - found
[7.677s] -- Performing Test CMAKE_HAVE_LIBC_PTHREAD
[8.034s] -- Performing Test CMAKE_HAVE_LIBC_PTHREAD - Success
[8.039s] -- Found Threads: TRUE  
[8.406s] -- Found rclcpp_components: 16.0.10 (/opt/ros/humble/share/rclcpp_components/cmake)
[8.689s] -- Found pluginlib: 5.1.0 (/opt/ros/humble/share/pluginlib/cmake)
[8.941s] -- Found message_filters: 4.3.5 (/opt/ros/humble/share/message_filters/cmake)
[9.173s] [31mCMake Error at CMakeLists.txt:30 (find_package):
[9.173s]   By not providing "Findmavros.cmake" in CMAKE_MODULE_PATH this project has
[9.174s]   asked CMake to find a package configuration file provided by "mavros", but
[9.174s]   CMake did not find one.
[9.174s] 
[9.175s]   Could not find a package configuration file provided by "mavros" with any
[9.175s]   of the following names:
[9.175s] 
[9.176s]     mavrosConfig.cmake
[9.177s]     mavros-config.cmake
[9.177s] 
[9.178s]   Add the installation prefix of "mavros" to CMAKE_PREFIX_PATH or set
[9.178s]   "mavros_DIR" to a directory containing one of the above files.  If "mavros"
[9.178s]   provides a separate development package or SDK, be sure it has been
[9.179s]   installed.
[9.179s] 
[9.179s] [0m
[9.180s] -- Configuring incomplete, errors occurred!
[9.180s] See also "/home/bumblebee*/bumblebee_ws/build/mavros_extras/CMakeFiles/CMakeOutput.log".
[9.215s] Invoked command in '/home/bumblebee*/bumblebee_ws/build/mavros_extras' returned '1': AMENT_PREFIX_PATH=/home/bumblebee*/bumblebee_ws/install/mavros_msgs:${AMENT_PREFIX_PATH} CMAKE_PREFIX_PATH=/home/bumblebee*/bumblebee_ws/install/mavros_msgs:/opt/ros/humble LD_LIBRARY_PATH=/home/bumblebee*/bumblebee_ws/install/mavros_msgs/lib:${LD_LIBRARY_PATH} PYTHONPATH=/home/bumblebee*/bumblebee_ws/install/mavros_msgs/local/lib/python3.10/dist-packages:${PYTHONPATH} /usr/bin/cmake /home/bumblebee*/bumblebee_ws/src/mavros_extras -DCMAKE_INSTALL_PREFIX=/home/bumblebee*/bumblebee_ws/install/mavros_extras
