[0.067s] Invoking command in '/home/bumblebee*/bumblebee_ws/build/mavros': AMENT_PREFIX_PATH=/home/bumblebee*/bumblebee_ws/install/mavros_msgs:${AMENT_PREFIX_PATH} CMAKE_PREFIX_PATH=/home/bumblebee*/bumblebee_ws/install/mavros_msgs:/opt/ros/humble LD_LIBRARY_PATH=/home/bumblebee*/bumblebee_ws/install/mavros_msgs/lib:${LD_LIBRARY_PATH} PYTHONPATH=/home/bumblebee*/bumblebee_ws/install/mavros_msgs/local/lib/python3.10/dist-packages:${PYTHONPATH} /usr/bin/cmake /home/bumblebee*/bumblebee_ws/src/mavros -DCMAKE_INSTALL_PREFIX=/home/bumblebee*/bumblebee_ws/install/mavros
[0.423s] -- The C compiler identification is GNU 11.4.0
[0.726s] -- The CXX compiler identification is GNU 11.4.0
[0.759s] -- Detecting C compiler ABI info
[1.119s] -- Detecting C compiler ABI info - done
[1.148s] -- Check for working C compiler: /usr/bin/cc - skipped
[1.149s] -- Detecting C compile features
[1.151s] -- Detecting C compile features - done
[1.163s] -- Detecting CXX compiler ABI info
[1.546s] -- Detecting CXX compiler ABI info - done
[1.573s] -- Check for working CXX compiler: /usr/bin/c++ - skipped
[1.574s] -- Detecting CXX compile features
[1.575s] -- Detecting CXX compile features - done
[1.603s] -- Found ament_cmake: 1.3.10 (/opt/ros/humble/share/ament_cmake/cmake)
[2.452s] -- Found Python3: /usr/bin/python3 (found version "3.10.12") found components: Interpreter 
[3.069s] -- Found rclcpp: 16.0.10 (/opt/ros/humble/share/rclcpp/cmake)
[3.458s] -- Found rosidl_generator_c: 3.1.5 (/opt/ros/humble/share/rosidl_generator_c/cmake)
[3.502s] -- Found rosidl_adapter: 3.1.5 (/opt/ros/humble/share/rosidl_adapter/cmake)
[3.560s] -- Found rosidl_generator_cpp: 3.1.5 (/opt/ros/humble/share/rosidl_generator_cpp/cmake)
[3.648s] -- Using all available rosidl_typesupport_c: rosidl_typesupport_fastrtps_c;rosidl_typesupport_introspection_c
[3.763s] -- Using all available rosidl_typesupport_cpp: rosidl_typesupport_fastrtps_cpp;rosidl_typesupport_introspection_cpp
[4.138s] -- Found rmw_implementation_cmake: 6.1.2 (/opt/ros/humble/share/rmw_implementation_cmake/cmake)
[4.181s] -- Found rmw_fastrtps_cpp: 6.2.7 (/opt/ros/humble/share/rmw_fastrtps_cpp/cmake)
[4.869s] -- Found OpenSSL: /usr/lib/aarch64-linux-gnu/libcrypto.so (found version "3.0.2")  
[5.154s] -- Found FastRTPS: /opt/ros/humble/include  
[5.604s] -- Using RMW implementation 'rmw_fastrtps_cpp' as default
[5.709s] -- Looking for pthread.h
[6.074s] -- Looking for pthread.h - found
[6.075s] -- Performing Test CMAKE_HAVE_LIBC_PTHREAD
[6.428s] -- Performing Test CMAKE_HAVE_LIBC_PTHREAD - Success
[6.433s] -- Found Threads: TRUE  
[6.826s] -- Found rclcpp_components: 16.0.10 (/opt/ros/humble/share/rclcpp_components/cmake)
[7.112s] -- Found pluginlib: 5.1.0 (/opt/ros/humble/share/pluginlib/cmake)
[7.371s] -- Found message_filters: 4.3.5 (/opt/ros/humble/share/message_filters/cmake)
[7.577s] [31mCMake Error at CMakeLists.txt:30 (find_package):
[7.577s]   By not providing "Findmavlink.cmake" in CMAKE_MODULE_PATH this project has
[7.578s]   asked CMake to find a package configuration file provided by "mavlink", but
[7.578s]   CMake did not find one.
[7.579s] 
[7.579s]   Could not find a package configuration file provided by "mavlink" with any
[7.580s]   of the following names:
[7.580s] 
[7.581s]     mavlinkConfig.cmake
[7.582s]     mavlink-config.cmake
[7.583s] 
[7.583s]   Add the installation prefix of "mavlink" to CMAKE_PREFIX_PATH or set
[7.584s]   "mavlink_DIR" to a directory containing one of the above files.  If
[7.585s]   "mavlink" provides a separate development package or SDK, be sure it has
[7.586s]   been installed.
[7.587s] 
[7.589s] [0m
[7.589s] -- Configuring incomplete, errors occurred!
[7.590s] See also "/home/bumblebee*/bumblebee_ws/build/mavros/CMakeFiles/CMakeOutput.log".
[7.622s] Invoked command in '/home/bumblebee*/bumblebee_ws/build/mavros' returned '1': AMENT_PREFIX_PATH=/home/bumblebee*/bumblebee_ws/install/mavros_msgs:${AMENT_PREFIX_PATH} CMAKE_PREFIX_PATH=/home/bumblebee*/bumblebee_ws/install/mavros_msgs:/opt/ros/humble LD_LIBRARY_PATH=/home/bumblebee*/bumblebee_ws/install/mavros_msgs/lib:${LD_LIBRARY_PATH} PYTHONPATH=/home/bumblebee*/bumblebee_ws/install/mavros_msgs/local/lib/python3.10/dist-packages:${PYTHONPATH} /usr/bin/cmake /home/bumblebee*/bumblebee_ws/src/mavros -DCMAKE_INSTALL_PREFIX=/home/bumblebee*/bumblebee_ws/install/mavros
