[0.046s] Invoking command in '/home/bumblebee*/bumblebee_ws/build/mavros': AMENT_PREFIX_PATH=/home/bumblebee*/bumblebee_ws/install/mavros_msgs:${AMENT_PREFIX_PATH} CMAKE_PREFIX_PATH=/home/bumblebee*/bumblebee_ws/install/mavros_msgs:/opt/ros/humble LD_LIBRARY_PATH=/home/bumblebee*/bumblebee_ws/install/mavros_msgs/lib:${LD_LIBRARY_PATH} PYTHONPATH=/home/bumblebee*/bumblebee_ws/install/mavros_msgs/local/lib/python3.10/dist-packages:${PYTHONPATH} /usr/bin/cmake /home/bumblebee*/bumblebee_ws/src/mavros -DCMAKE_INSTALL_PREFIX=/home/bumblebee*/bumblebee_ws/install/mavros
[0.090s] -- Found ament_cmake: 1.3.10 (/opt/ros/humble/share/ament_cmake/cmake)
[0.660s] -- Found rclcpp: 16.0.10 (/opt/ros/humble/share/rclcpp/cmake)
[0.838s] -- Found rosidl_generator_c: 3.1.5 (/opt/ros/humble/share/rosidl_generator_c/cmake)
[0.849s] -- Found rosidl_adapter: 3.1.5 (/opt/ros/humble/share/rosidl_adapter/cmake)
[0.872s] -- Found rosidl_generator_cpp: 3.1.5 (/opt/ros/humble/share/rosidl_generator_cpp/cmake)
[0.915s] -- Using all available rosidl_typesupport_c: rosidl_typesupport_fastrtps_c;rosidl_typesupport_introspection_c
[0.968s] -- Using all available rosidl_typesupport_cpp: rosidl_typesupport_fastrtps_cpp;rosidl_typesupport_introspection_cpp
[1.104s] -- Found rmw_implementation_cmake: 6.1.2 (/opt/ros/humble/share/rmw_implementation_cmake/cmake)
[1.115s] -- Found rmw_fastrtps_cpp: 6.2.7 (/opt/ros/humble/share/rmw_fastrtps_cpp/cmake)
[2.106s] -- Using RMW implementation 'rmw_fastrtps_cpp' as default
[2.288s] -- Found rclcpp_components: 16.0.10 (/opt/ros/humble/share/rclcpp_components/cmake)
[2.357s] -- Found pluginlib: 5.1.0 (/opt/ros/humble/share/pluginlib/cmake)
[2.552s] -- Found message_filters: 4.3.5 (/opt/ros/humble/share/message_filters/cmake)
[2.763s] [31mCMake Error at CMakeLists.txt:31 (find_package):
[2.764s]   By not providing "Findlibmavconn.cmake" in CMAKE_MODULE_PATH this project
[2.764s]   has asked CMake to find a package configuration file provided by
[2.764s]   "libmavconn", but CMake did not find one.
[2.764s] 
[2.765s]   Could not find a package configuration file provided by "libmavconn" with
[2.765s]   any of the following names:
[2.765s] 
[2.766s]     libmavconnConfig.cmake
[2.766s]     libmavconn-config.cmake
[2.766s] 
[2.767s]   Add the installation prefix of "libmavconn" to CMAKE_PREFIX_PATH or set
[2.767s]   "libmavconn_DIR" to a directory containing one of the above files.  If
[2.767s]   "libmavconn" provides a separate development package or SDK, be sure it has
[2.768s]   been installed.
[2.768s] 
[2.768s] [0m
[2.769s] -- Configuring incomplete, errors occurred!
[2.769s] See also "/home/bumblebee*/bumblebee_ws/build/mavros/CMakeFiles/CMakeOutput.log".
[2.794s] Invoked command in '/home/bumblebee*/bumblebee_ws/build/mavros' returned '1': AMENT_PREFIX_PATH=/home/bumblebee*/bumblebee_ws/install/mavros_msgs:${AMENT_PREFIX_PATH} CMAKE_PREFIX_PATH=/home/bumblebee*/bumblebee_ws/install/mavros_msgs:/opt/ros/humble LD_LIBRARY_PATH=/home/bumblebee*/bumblebee_ws/install/mavros_msgs/lib:${LD_LIBRARY_PATH} PYTHONPATH=/home/bumblebee*/bumblebee_ws/install/mavros_msgs/local/lib/python3.10/dist-packages:${PYTHONPATH} /usr/bin/cmake /home/bumblebee*/bumblebee_ws/src/mavros -DCMAKE_INSTALL_PREFIX=/home/bumblebee*/bumblebee_ws/install/mavros
