[0.070s] Invoking command in '/home/bumblebee*/bumblebee_ws/build/mavros': AMENT_PREFIX_PATH=/home/bumblebee*/bumblebee_ws/install/mavros_msgs:${AMENT_PREFIX_PATH} CMAKE_PREFIX_PATH=/home/bumblebee*/bumblebee_ws/install/mavros_msgs:/opt/ros/humble LD_LIBRARY_PATH=/home/bumblebee*/bumblebee_ws/install/mavros_msgs/lib:${LD_LIBRARY_PATH} PYTHONPATH=/home/bumblebee*/bumblebee_ws/install/mavros_msgs/local/lib/python3.10/dist-packages:${PYTHONPATH} /usr/bin/cmake --build /home/bumblebee*/bumblebee_ws/build/mavros -- -j4 -l4
[0.394s] [35m[1mConsolidate compiler generated dependencies of target gtest_main[0m
[0.410s] [35m[1mConsolidate compiler generated dependencies of target mavros[0m
[0.480s] [  3%] Built target gtest_main
[0.482s] [  3%] Built target ament_cmake_python_copy_mavros_setup
[0.513s] [  3%] Built target ament_cmake_python_copy_mavros
[0.545s] [35m[1mConsolidate compiler generated dependencies of target gmock_main[0m
[0.566s] [35m[1mConsolidate compiler generated dependencies of target gtest[0m
[0.579s] [35m[1mConsolidate compiler generated dependencies of target gmock[0m
[0.625s] [  6%] Built target gmock_main
[0.662s] [  9%] Built target gtest
[0.671s] [ 14%] Built target gmock
[0.724s] [ 16%] [32mBuilding CXX object CMakeFiles/mavros.dir/src/lib/mavros_router.cpp.o[0m
[0.727s] [ 17%] [32mBuilding CXX object CMakeFiles/mavros.dir/src/lib/mavros_uas.cpp.o[0m
[0.742s] [ 19%] [32mBuilding CXX object CMakeFiles/mavros.dir/src/lib/plugin.cpp.o[0m
[2.110s] running egg_info
[2.115s] writing mavros.egg-info/PKG-INFO
[2.116s] writing dependency_links to mavros.egg-info/dependency_links.txt
[2.119s] writing entry points to mavros.egg-info/entry_points.txt
[2.122s] writing top-level names to mavros.egg-info/top_level.txt
[2.137s] reading manifest file 'mavros.egg-info/SOURCES.txt'
[2.144s] writing manifest file 'mavros.egg-info/SOURCES.txt'
[2.294s] [ 19%] Built target ament_cmake_python_build_mavros_egg
[2.334s] [ 20%] [32mBuilding CXX object CMakeFiles/mavros.dir/src/lib/uas_ap.cpp.o[0m
